<?xml version="1.0" encoding="UTF-8"?>
<!-- Generated by org.testng.reporters.JUnitXMLReporter -->
<testsuite ignored="4" hostname="Ajays-MacBook-Air.local" failures="0" tests="3" name="Test" time="0.102" errors="0" timestamp="2021-11-24T14:59:21 IST">
  <testcase classname="TestNG.WebTesting" name="SendRequest" time="0.01"/>
  <testcase classname="TestNG.TestNGDemo" name="validateHomePage" time="0.001"/>
  <testcase classname="TestNG.TestNGDemo" name="resetPassword" time="0.003"/>
  <testcase classname="TestNG.TestNGDemo" name="validateLogin" time="0.0">
    <ignored/>
  </testcase> <!-- validateLogin -->
  <testcase classname="TestNG.TestNGDemo" name="SmokeTC1" time="0.0">
    <ignored/>
  </testcase> <!-- SmokeTC1 -->
  <testcase classname="TestNG.WebTesting" name="webLogin" time="0.0">
    <ignored/>
  </testcase> <!-- webLogin -->
  <testcase classname="TestNG.TestNGDemo" name="skippingTC" time="0.0">
    <ignored/>
  </testcase> <!-- skippingTC -->
</testsuite> <!-- Test -->
