<?xml version="1.0" encoding="UTF-8"?>
<!-- Generated by org.testng.reporters.JUnitXMLReporter -->
<testsuite ignored="0" hostname="Ajays-MacBook-Air.local" failures="1" tests="5" name="Test" time="0.246" errors="0" timestamp="2021-11-17T15:10:42 IST">
  <testcase classname="TestNG.MobileTesting" name="mobileLogin" time="0.022"/>
  <testcase classname="TestNG.TestNGDemo" name="validateLogin" time="0.01">
    <failure type="java.lang.AssertionError">
      <![CDATA[java.lang.AssertionError: 
at TestNG.TestNGDemo.validateLogin(TestNGDemo.java:46)
at java.base/java.util.ArrayList.forEach(ArrayList.java:1507)
... Removed 30 stack frames]]>
    </failure>
  </testcase> <!-- validateLogin -->
  <testcase classname="TestNG.TestNGDemo" name="validateHomePage" time="0.0">
    <skipped/>
  </testcase> <!-- validateHomePage -->
  <testcase classname="TestNG.TestNGDemo" name="resetPassword" time="0.002"/>
  <testcase classname="TestNG.WebTesting" name="webLogin" time="0.006"/>
</testsuite> <!-- Test -->
